Determining if the pthread_create exist failed with the following output:
Change Dir: /home/xiaomin/codingArea/624Assignment2-master/cmake-build-debug/CMakeFiles/CMakeTmp

Run Build Command(s):/usr/bin/make cmTC_b8850/fast 
/usr/bin/make -f CMakeFiles/cmTC_b8850.dir/build.make CMakeFiles/cmTC_b8850.dir/build
make[1]: Entering directory '/home/xiaomin/codingArea/624Assignment2-master/cmake-build-debug/CMakeFiles/CMakeTmp'
Building CXX object CMakeFiles/cmTC_b8850.dir/CheckSymbolExists.cxx.o
/usr/bin/c++     -o CMakeFiles/cmTC_b8850.dir/CheckSymbolExists.cxx.o -c /home/xiaomin/codingArea/624Assignment2-master/cmake-build-debug/CMakeFiles/CMakeTmp/CheckSymbolExists.cxx
Linking CXX executable cmTC_b8850
/snap/clion/83/bin/cmake/linux/bin/cmake -E cmake_link_script CMakeFiles/cmTC_b8850.dir/link.txt --verbose=1
/usr/bin/c++       -rdynamic CMakeFiles/cmTC_b8850.dir/CheckSymbolExists.cxx.o  -o cmTC_b8850 
CMakeFiles/cmTC_b8850.dir/CheckSymbolExists.cxx.o: In function `main':
CheckSymbolExists.cxx:(.text+0x1b): undefined reference to `pthread_create'
collect2: error: ld returned 1 exit status
CMakeFiles/cmTC_b8850.dir/build.make:86: recipe for target 'cmTC_b8850' failed
make[1]: *** [cmTC_b8850] Error 1
make[1]: Leaving directory '/home/xiaomin/codingArea/624Assignment2-master/cmake-build-debug/CMakeFiles/CMakeTmp'
Makefile:121: recipe for target 'cmTC_b8850/fast' failed
make: *** [cmTC_b8850/fast] Error 2

File /home/xiaomin/codingArea/624Assignment2-master/cmake-build-debug/CMakeFiles/CMakeTmp/CheckSymbolExists.cxx:
/* */
#include <pthread.h>

int main(int argc, char** argv)
{
  (void)argv;
#ifndef pthread_create
  return ((int*)(&pthread_create))[argc];
#else
  (void)argc;
  return 0;
#endif
}

Determining if the function pthread_create exists in the pthreads failed with the following output:
Change Dir: /home/xiaomin/codingArea/624Assignment2-master/cmake-build-debug/CMakeFiles/CMakeTmp

Run Build Command(s):/usr/bin/make cmTC_ac374/fast 
/usr/bin/make -f CMakeFiles/cmTC_ac374.dir/build.make CMakeFiles/cmTC_ac374.dir/build
make[1]: Entering directory '/home/xiaomin/codingArea/624Assignment2-master/cmake-build-debug/CMakeFiles/CMakeTmp'
Building CXX object CMakeFiles/cmTC_ac374.dir/CheckFunctionExists.cxx.o
/usr/bin/c++    -DCHECK_FUNCTION_EXISTS=pthread_create   -o CMakeFiles/cmTC_ac374.dir/CheckFunctionExists.cxx.o -c /home/xiaomin/codingArea/624Assignment2-master/cmake-build-debug/CMakeFiles/CheckLibraryExists/CheckFunctionExists.cxx
Linking CXX executable cmTC_ac374
/snap/clion/83/bin/cmake/linux/bin/cmake -E cmake_link_script CMakeFiles/cmTC_ac374.dir/link.txt --verbose=1
/usr/bin/c++   -DCHECK_FUNCTION_EXISTS=pthread_create    -rdynamic CMakeFiles/cmTC_ac374.dir/CheckFunctionExists.cxx.o  -o cmTC_ac374 -lpthreads 
/usr/bin/ld: cannot find -lpthreads
collect2: error: ld returned 1 exit status
CMakeFiles/cmTC_ac374.dir/build.make:86: recipe for target 'cmTC_ac374' failed
make[1]: *** [cmTC_ac374] Error 1
make[1]: Leaving directory '/home/xiaomin/codingArea/624Assignment2-master/cmake-build-debug/CMakeFiles/CMakeTmp'
Makefile:121: recipe for target 'cmTC_ac374/fast' failed
make: *** [cmTC_ac374/fast] Error 2


Performing C++ SOURCE FILE Test CMAKE_HAVE_LIBC_PTHREAD failed with the following output:
Change Dir: /home/xiaomin/codingArea/624Assignment2-master/cmake-build-debug/CMakeFiles/CMakeTmp

Run Build Command(s):/usr/bin/make cmTC_78686/fast && /usr/bin/make -f CMakeFiles/cmTC_78686.dir/build.make CMakeFiles/cmTC_78686.dir/build
make[1]: Entering directory '/home/xiaomin/codingArea/624Assignment2-master/cmake-build-debug/CMakeFiles/CMakeTmp'
Building CXX object CMakeFiles/cmTC_78686.dir/src.cxx.o
/usr/bin/c++    -DCMAKE_HAVE_LIBC_PTHREAD   -o CMakeFiles/cmTC_78686.dir/src.cxx.o -c /home/xiaomin/codingArea/624Assignment2-master/cmake-build-debug/CMakeFiles/CMakeTmp/src.cxx
Linking CXX executable cmTC_78686
/snap/clion/85/bin/cmake/linux/bin/cmake -E cmake_link_script CMakeFiles/cmTC_78686.dir/link.txt --verbose=1
/usr/bin/c++   -DCMAKE_HAVE_LIBC_PTHREAD    -rdynamic CMakeFiles/cmTC_78686.dir/src.cxx.o  -o cmTC_78686 
CMakeFiles/cmTC_78686.dir/src.cxx.o: In function `main':
src.cxx:(.text+0x3e): undefined reference to `pthread_create'
src.cxx:(.text+0x4a): undefined reference to `pthread_detach'
src.cxx:(.text+0x5b): undefined reference to `pthread_join'
src.cxx:(.text+0x6f): undefined reference to `pthread_atfork'
collect2: error: ld returned 1 exit status
CMakeFiles/cmTC_78686.dir/build.make:86: recipe for target 'cmTC_78686' failed
make[1]: *** [cmTC_78686] Error 1
make[1]: Leaving directory '/home/xiaomin/codingArea/624Assignment2-master/cmake-build-debug/CMakeFiles/CMakeTmp'
Makefile:121: recipe for target 'cmTC_78686/fast' failed
make: *** [cmTC_78686/fast] Error 2


Source file was:
#include <pthread.h>

void* test_func(void* data)
{
  return data;
}

int main(void)
{
  pthread_t thread;
  pthread_create(&thread, NULL, test_func, NULL);
  pthread_detach(thread);
  pthread_join(thread, NULL);
  pthread_atfork(NULL, NULL, NULL);
  pthread_exit(NULL);

  return 0;
}

